0 info it worked if it ends with ok
1 verbose cli [ '/usr/bin/node', '/usr/bin/npm', 'run', 'seed:dev' ]
2 info using npm@3.10.10
3 info using node@v6.17.1
4 verbose run-script [ 'preseed:dev', 'seed:dev', 'postseed:dev' ]
5 info lifecycle juicebox@1.0.0~preseed:dev: juicebox@1.0.0
6 silly lifecycle juicebox@1.0.0~preseed:dev: no script for preseed:dev, continuing
7 info lifecycle juicebox@1.0.0~seed:dev: juicebox@1.0.0
8 verbose lifecycle juicebox@1.0.0~seed:dev: unsafe-perm in lifecycle true
9 verbose lifecycle juicebox@1.0.0~seed:dev: PATH: /usr/lib/node_modules/npm/bin/node-gyp-bin:/mnt/d/my_code_base/code_stuff/juicebox/node_modules/.bin:/home/rrpuzon/bin:/home/rrpuzon/.local/bin:/usr/local/sbin:/usr/local/bin:/usr/sbin:/usr/bin:/sbin:/bin:/usr/games:/usr/local/games:/mnt/c/ProgramData/Oracle/Java/javapath:/mnt/c/WINDOWS/system32:/mnt/c/WINDOWS:/mnt/c/WINDOWS/System32/Wbem:/mnt/c/WINDOWS/System32/WindowsPowerShell/v1.0/:/mnt/c/Program Files (x86)/Brackets/command:/mnt/c/WINDOWS/System32/OpenSSH/:/mnt/c/Program Files (x86)/NVIDIA Corporation/PhysX/Common:/mnt/c/Program Files/dotnet/:/mnt/c/Program Files/Microsoft SQL Server/130/Tools/Binn/:/mnt/c/Program Files/Microsoft SQL Server/Client SDK/ODBC/170/Tools/Binn/:/mnt/c/Program Files/NVIDIA Corporation/NVIDIA NvDLISR:/mnt/c/Program Files/Git/cmd:/mnt/c/WINDOWS/system32:/mnt/c/WINDOWS:/mnt/c/WINDOWS/System32/Wbem:/mnt/c/WINDOWS/System32/WindowsPowerShell/v1.0/:/mnt/c/WINDOWS/System32/OpenSSH/:/mnt/c/ProgramData/chocolatey/bin:/mnt/c/Program Files/nodejs/:/mnt/c/Users/ryanp/AppData/Local/Microsoft/WindowsApps:/mnt/c/Users/ryanp/AppData/Local/Programs/Microsoft VS Code/bin:/mnt/c/Program Files (x86)/Atmel/Flip 3.4.7/bin:/mnt/c/Users/ryanp/AppData/Local/GitHubDesktop/bin:/mnt/c/Users/ryanp/AppData/Local/atom/bin:/mnt/c/Users/ryanp/AppData/Local/Microsoft/WindowsApps:/mnt/c/tools/neovim/Neovim/bin:/mnt/c/Users/ryanp/AppData/Roaming/npm:/snap/bin:/home/rrpuzon/qmk_utils:/home/rrpuzon/qmk_utils/dfu-programmer:/home/rrpuzon/qmk_utils/dfu-util-0.9-win64:/home/rrpuzon/qmk_utils/flip/bin:/home/rrpuzon/qmk_utils/avr8-gnu-toolchain/bin:/home/rrpuzon/qmk_utils/gcc-arm-none-eabi/bin:/mingw64/bin
10 verbose lifecycle juicebox@1.0.0~seed:dev: CWD: /mnt/d/my_code_base/code_stuff/juicebox
11 silly lifecycle juicebox@1.0.0~seed:dev: Args: [ '-c', 'nodemon ./db/seed.js' ]
12 silly lifecycle juicebox@1.0.0~seed:dev: Returned: code: 1  signal: null
13 info lifecycle juicebox@1.0.0~seed:dev: Failed to exec seed:dev script
14 verbose stack Error: juicebox@1.0.0 seed:dev: `nodemon ./db/seed.js`
14 verbose stack Exit status 1
14 verbose stack     at EventEmitter.<anonymous> (/usr/lib/node_modules/npm/lib/utils/lifecycle.js:255:16)
14 verbose stack     at emitTwo (events.js:106:13)
14 verbose stack     at EventEmitter.emit (events.js:191:7)
14 verbose stack     at ChildProcess.<anonymous> (/usr/lib/node_modules/npm/lib/utils/spawn.js:40:14)
14 verbose stack     at emitTwo (events.js:106:13)
14 verbose stack     at ChildProcess.emit (events.js:191:7)
14 verbose stack     at maybeClose (internal/child_process.js:920:16)
14 verbose stack     at Process.ChildProcess._handle.onexit (internal/child_process.js:230:5)
15 verbose pkgid juicebox@1.0.0
16 verbose cwd /mnt/d/my_code_base/code_stuff/juicebox
17 error Linux 4.4.0-19041-Microsoft
18 error argv "/usr/bin/node" "/usr/bin/npm" "run" "seed:dev"
19 error node v6.17.1
20 error npm  v3.10.10
21 error code ELIFECYCLE
22 error juicebox@1.0.0 seed:dev: `nodemon ./db/seed.js`
22 error Exit status 1
23 error Failed at the juicebox@1.0.0 seed:dev script 'nodemon ./db/seed.js'.
23 error Make sure you have the latest version of node.js and npm installed.
23 error If you do, this is most likely a problem with the juicebox package,
23 error not with npm itself.
23 error Tell the author that this fails on your system:
23 error     nodemon ./db/seed.js
23 error You can get information on how to open an issue for this project with:
23 error     npm bugs juicebox
23 error Or if that isn't available, you can get their info via:
23 error     npm owner ls juicebox
23 error There is likely additional logging output above.
24 verbose exit [ 1, true ]
